<?xml version="1.0" encoding="UTF-8"?>
<!-- Generated by org.testng.reporters.JUnitReportReporter -->
<testsuite hostname="DESKTOP-BNE3700" failures="0" tests="1" name="testCases.TC105_EndToEndTest" time="40.060" errors="0" timestamp="2024-12-30T20:48:07 IST" skipped="0">
  <testcase classname="testCases.TC105_EndToEndTest" name="BookingConfirmation" time="40.060"/>
</testsuite> <!-- testCases.TC105_EndToEndTest -->
