<?xml version="1.0" encoding="UTF-8"?>
<!-- Generated by org.testng.reporters.JUnitReportReporter -->
<testsuite hostname="DESKTOP-BNE3700" failures="0" tests="2" name="testCases.TC104_BookHotelTest" time="12.459" errors="0" timestamp="2024-12-30T20:36:13 IST" skipped="0">
  <testcase classname="testCases.TC104_BookHotelTest" name="validlogin" time="2.408"/>
  <testcase classname="testCases.TC104_BookHotelTest" name="bookhotel" time="10.051"/>
</testsuite> <!-- testCases.TC104_BookHotelTest -->
