<?xml version="1.0" encoding="UTF-8"?>
<!-- Generated by org.testng.reporters.JUnitReportReporter -->
<testsuite hostname="DESKTOP-BNE3700" failures="0" tests="4" name="testCases.TC103_SelectHotelTest" time="11.162" errors="0" timestamp="2024-12-30T20:36:13 IST" skipped="0">
  <testcase classname="testCases.TC103_SelectHotelTest" name="valid_selectHotel" time="3.833"/>
  <testcase classname="testCases.TC103_SelectHotelTest" name="validate_searchhotel" time="2.468"/>
  <testcase classname="testCases.TC103_SelectHotelTest" name="withoutSelect_hotel" time="2.447"/>
  <testcase classname="testCases.TC103_SelectHotelTest" name="priceCalculation" time="2.414"/>
</testsuite> <!-- testCases.TC103_SelectHotelTest -->
