<?xml version="1.0" encoding="UTF-8"?>
<!-- Generated by org.testng.reporters.JUnitReportReporter -->
<testsuite hostname="DESKTOP-BNE3700" failures="0" tests="2" name="testCases.TC101_LoginTest" time="1.928" errors="0" timestamp="2024-12-30T20:48:07 IST" skipped="1">
  <testcase classname="testCases.TC101_LoginTest" name="Validlogin" time="1.928"/>
  <testcase classname="testCases.TC101_LoginTest" name="InvalidLogin">
    <skipped/>
  </testcase> <!-- InvalidLogin -->
</testsuite> <!-- testCases.TC101_LoginTest -->
